<?xml version="1.0" encoding="UTF-8"?>
<!-- Generated by org.testng.reporters.JUnitReportReporter -->
<testsuite hostname="DESKTOP-FNPC0HE" failures="0" tests="2" name="org.qa.gittracker.tests.LoginPageTest" time="6.510" errors="0" timestamp="2025-02-10T22:35:39 IST" skipped="0">
  <testcase classname="org.qa.gittracker.tests.LoginPageTest" name="testLoginPageTitle" time="0.023"/>
  <testcase classname="org.qa.gittracker.tests.LoginPageTest" name="testLogin" time="6.487"/>
</testsuite> <!-- org.qa.gittracker.tests.LoginPageTest -->
