<?xml version="1.0" encoding="UTF-8"?>
<!-- Generated by org.testng.reporters.JUnitReportReporter -->
<testsuite hostname="DESKTOP-FNPC0HE" failures="0" tests="2" name="org.qa.gittracker.tests.LoginPageTest" time="6.489" errors="0" timestamp="2025-02-12T15:05:13 IST" skipped="0">
  <testcase classname="org.qa.gittracker.tests.LoginPageTest" name="testLoginPageTitle" time="0.031"/>
  <testcase classname="org.qa.gittracker.tests.LoginPageTest" name="testLogin" time="6.458"/>
</testsuite> <!-- org.qa.gittracker.tests.LoginPageTest -->
