<?xml version="1.0" encoding="UTF-8"?>
<!-- Generated by org.testng.reporters.JUnitReportReporter -->
<testsuite hostname="DESKTOP-FNPC0HE" failures="0" tests="2" name="org.qa.gittracker.tests.OrderListPageTest" time="22.034" errors="0" timestamp="2025-03-24T10:18:12 IST" skipped="0">
  <testcase classname="org.qa.gittracker.tests.OrderListPageTest" name="testOrderPageURL" time="3.049"/>
  <testcase classname="org.qa.gittracker.tests.OrderListPageTest" name="testSearchOrder" time="18.985"/>
</testsuite> <!-- org.qa.gittracker.tests.OrderListPageTest -->
