<?xml version="1.0" encoding="UTF-8"?>
<!-- Generated by org.testng.reporters.JUnitReportReporter -->
<testsuite hostname="DESKTOP-FNPC0HE" failures="0" tests="2" name="org.qa.customer.tests.CustomerLoginPageTest" time="5.571" errors="0" timestamp="2025-04-15T10:50:18 IST" skipped="0">
  <testcase classname="org.qa.customer.tests.CustomerLoginPageTest" name="testLoginPageTitle" time="0.030"/>
  <testcase classname="org.qa.customer.tests.CustomerLoginPageTest" name="testCustomerLogin" time="5.541"/>
</testsuite> <!-- org.qa.customer.tests.CustomerLoginPageTest -->
