<?xml version="1.0" encoding="UTF-8"?>
<!-- Generated by org.testng.reporters.JUnitReportReporter -->
<testsuite hostname="DESKTOP-FNPC0HE" failures="0" tests="2" name="org.qa.customer.tests.CustomerLinkedOrdersTest" time="14.697" errors="0" timestamp="2025-04-04T09:12:46 IST" skipped="0">
  <testcase classname="org.qa.customer.tests.CustomerLinkedOrdersTest" name="verifyLinkedOrders" time="7.236"/>
  <testcase classname="org.qa.customer.tests.CustomerLinkedOrdersTest" name="testSearchOrder" time="7.461"/>
</testsuite> <!-- org.qa.customer.tests.CustomerLinkedOrdersTest -->
