<?xml version="1.0" encoding="UTF-8"?>
<!-- Generated by org.testng.reporters.JUnitReportReporter -->
<testsuite hostname="DESKTOP-FNPC0HE" failures="0" tests="4" name="org.qa.gittracker.tests.OrderEditPageTest" time="111.276" errors="0" timestamp="2025-03-24T10:18:12 IST" skipped="0">
  <testcase classname="org.qa.gittracker.tests.OrderEditPageTest" name="testRequested" time="20.955"/>
  <testcase classname="org.qa.gittracker.tests.OrderEditPageTest" name="testDispatchEvent" time="24.370"/>
  <testcase classname="org.qa.gittracker.tests.OrderEditPageTest" name="testInTransit" time="32.840"/>
  <testcase classname="org.qa.gittracker.tests.OrderEditPageTest" name="testDelivered" time="33.111"/>
</testsuite> <!-- org.qa.gittracker.tests.OrderEditPageTest -->
