<?xml version="1.0" encoding="UTF-8"?>
<!-- Generated by org.testng.reporters.JUnitReportReporter -->
<testsuite hostname="DESKTOP-FNPC0HE" failures="0" tests="2" name="org.qa.gittracker.tests.OrderListPageTest" time="21.829" errors="0" timestamp="2025-03-25T14:42:51 IST" skipped="0">
  <testcase classname="org.qa.gittracker.tests.OrderListPageTest" name="testOrderPageURL" time="3.043"/>
  <testcase classname="org.qa.gittracker.tests.OrderListPageTest" name="testSearchOrder" time="18.786"/>
</testsuite> <!-- org.qa.gittracker.tests.OrderListPageTest -->
