<?xml version="1.0" encoding="UTF-8"?>
<!-- Generated by org.testng.reporters.JUnitReportReporter -->
<testsuite hostname="DESKTOP-FNPC0HE" failures="0" tests="4" name="org.qa.gittracker.tests.OrderEditPageTest" time="107.274" errors="0" timestamp="2025-03-24T09:55:38 IST" skipped="0">
  <testcase classname="org.qa.gittracker.tests.OrderEditPageTest" name="testRequested" time="20.959"/>
  <testcase classname="org.qa.gittracker.tests.OrderEditPageTest" name="testDispatchEvent" time="22.801"/>
  <testcase classname="org.qa.gittracker.tests.OrderEditPageTest" name="testInTransit" time="31.223"/>
  <testcase classname="org.qa.gittracker.tests.OrderEditPageTest" name="testDelivered" time="32.291"/>
</testsuite> <!-- org.qa.gittracker.tests.OrderEditPageTest -->
