<?xml version="1.0" encoding="UTF-8"?>
<!-- Generated by org.testng.reporters.JUnitReportReporter -->
<testsuite hostname="DESKTOP-FNPC0HE" failures="0" tests="1" name="org.qa.gittracker.tests.OrderPageTest" time="27.727" errors="0" timestamp="2025-03-25T14:42:51 IST" skipped="0">
  <testcase classname="org.qa.gittracker.tests.OrderPageTest" name="testCreateOrder" time="27.727"/>
</testsuite> <!-- org.qa.gittracker.tests.OrderPageTest -->
