<?xml version="1.0" encoding="UTF-8"?>
<!-- Generated by org.testng.reporters.JUnitReportReporter -->
<testsuite hostname="DESKTOP-FNPC0HE" failures="0" tests="3" name="org.qa.customer.tests.CustomerOpenOrdersTest" time="29.896" errors="0" timestamp="2025-04-04T09:12:46 IST" skipped="0">
  <testcase classname="org.qa.customer.tests.CustomerOpenOrdersTest" name="verifyOpenOrders" time="8.235"/>
  <testcase classname="org.qa.customer.tests.CustomerOpenOrdersTest" name="testSearchOrder" time="11.560"/>
  <testcase classname="org.qa.customer.tests.CustomerOpenOrdersTest" name="advSearch" time="10.101"/>
</testsuite> <!-- org.qa.customer.tests.CustomerOpenOrdersTest -->
