<?xml version="1.0" encoding="UTF-8"?>
<!-- Generated by org.testng.reporters.JUnitReportReporter -->
<testsuite hostname="DESKTOP-FNPC0HE" failures="0" tests="2" name="org.qa.customer.tests.CustomerLoginPageTest" time="6.685" errors="0" timestamp="2025-04-04T09:12:46 IST" skipped="0">
  <testcase classname="org.qa.customer.tests.CustomerLoginPageTest" name="testLoginPageTitle" time="0.021"/>
  <testcase classname="org.qa.customer.tests.CustomerLoginPageTest" name="testCustomerLogin" time="6.664"/>
</testsuite> <!-- org.qa.customer.tests.CustomerLoginPageTest -->
